<?xml version="1.0" encoding="utf-8" standalone="no"?>
<!--This file represents the results of running a test suite-->
<test-results name="C:\Program Files (x86)\NUnit 2.6.3\bin\tests\Debug\UITestВводОрганизации.dll" total="1" errors="1" failures="0" not-run="0" inconclusive="0" ignored="0" skipped="0" invalid="0" date="2013-12-02" time="12:03:48">
  <environment nunit-version="2.6.3.13283" clr-version="2.0.50727.5420" os-version="Microsoft Windows NT 6.1.7601 Service Pack 1" platform="Win32NT" cwd="C:\Program Files (x86)\NUnit 2.6.3\bin" machine-name="PROG159" user="murzinov" user-domain="FIRST" />
  <culture-info current-culture="ru-RU" current-uiculture="ru-RU" />
  <test-suite type="Assembly" name="C:\Program Files (x86)\NUnit 2.6.3\bin\tests\Debug\UITestВводОрганизации.dll" executed="False" result="Cancelled">
    <results>
      <test-suite type="Namespace" name="UITestВводОрганизации" executed="False" result="Cancelled">
        <results>
          <test-suite type="TestFixture" name="UITestВводОрганизации" executed="False" result="Cancelled">
            <results>
              <test-case name="UITestВводОрганизации.UITestВводОрганизации.OpenMaster" executed="False" result="Cancelled">
                <failure>
                  <message><![CDATA[Test cancelled by user]]></message>
                  <stack-trace><![CDATA[в System.RuntimeMethodHandle.InvokeMethod(Object target, Object[] arguments, Signature sig, Boolean constructor)
в System.Reflection.RuntimeMethodInfo.UnsafeInvokeInternal(Object obj, Object[] parameters, Object[] arguments)
в System.Reflection.RuntimeMethodInfo.Invoke(Object obj, BindingFlags invokeAttr, Binder binder, Object[] parameters, CultureInfo culture)
в NUnit.Core.Reflect.InvokeMethod(MethodInfo method, Object fixture, Object[] args)
в NUnit.Core.TestMethod.RunTestMethod()
в NUnit.Core.TestMethod.RunTestCase(TestResult testResult)
]]></stack-trace>
                </failure>
              </test-case>
            </results>
          </test-suite>
        </results>
      </test-suite>
    </results>
  </test-suite>
</test-results>